<?xml version="1.0" encoding="UTF-8"?>
<testsuite name="dao.Sql2oDepartmentDaoTest" tests="7" skipped="0" failures="0" errors="0" timestamp="2020-07-26T15:09:25" hostname="lifereze-thinkpad-t450" time="0.898">
  <properties/>
  <testcase name="getAllDepartments_ReturnsAllDepartments_True" classname="dao.Sql2oDepartmentDaoTest" time="0.119"/>
  <testcase name="updateDepartment_updatesNameDescription_True" classname="dao.Sql2oDepartmentDaoTest" time="0.076"/>
  <testcase name="findDepartmentById_findsCorrectDepartment_True" classname="dao.Sql2oDepartmentDaoTest" time="0.078"/>
  <testcase name="getDepartmentUsersById_ReturnsDepartmentsUsers_True" classname="dao.Sql2oDepartmentDaoTest" time="0.27"/>
  <testcase name="getDepartmentNewsById_ReturnsDepartmentsNews_True" classname="dao.Sql2oDepartmentDaoTest" time="0.213"/>
  <testcase name="addDepartment_addsDepartmentSetsId_True" classname="dao.Sql2oDepartmentDaoTest" time="0.058"/>
  <testcase name="clearAllDepartments" classname="dao.Sql2oDepartmentDaoTest" time="0.081"/>
  <system-out><![CDATA[]]></system-out>
  <system-err><![CDATA[]]></system-err>
</testsuite>
