<?xml version="1.0" encoding="UTF-8"?>
<testsuite name="dao.Sql2oDepartmentDaoTest" tests="7" skipped="0" failures="0" errors="0" timestamp="2020-07-27T00:35:02" hostname="lifereze-thinkpad-t450" time="0.638">
  <properties/>
  <testcase name="getAllDepartments_ReturnsAllDepartments_True" classname="dao.Sql2oDepartmentDaoTest" time="0.078"/>
  <testcase name="updateDepartment_updatesNameDescription_True" classname="dao.Sql2oDepartmentDaoTest" time="0.054"/>
  <testcase name="findDepartmentById_findsCorrectDepartment_True" classname="dao.Sql2oDepartmentDaoTest" time="0.054"/>
  <testcase name="getDepartmentUsersById_ReturnsDepartmentsUsers_True" classname="dao.Sql2oDepartmentDaoTest" time="0.196"/>
  <testcase name="getDepartmentNewsById_ReturnsDepartmentsNews_True" classname="dao.Sql2oDepartmentDaoTest" time="0.153"/>
  <testcase name="addDepartment_addsDepartmentSetsId_True" classname="dao.Sql2oDepartmentDaoTest" time="0.045"/>
  <testcase name="clearAllDepartments" classname="dao.Sql2oDepartmentDaoTest" time="0.056"/>
  <system-out><![CDATA[]]></system-out>
  <system-err><![CDATA[]]></system-err>
</testsuite>
