<?xml version="1.0" encoding="UTF-8"?>
<testsuite name="dao.Sql2oNewsDaoTest" tests="12" skipped="0" failures="0" errors="0" timestamp="2020-07-27T00:35:02" hostname="lifereze-thinkpad-t450" time="0.791">
  <properties/>
  <testcase name="addDepartmentNews_AddsDepartmentNewsSetsId" classname="dao.Sql2oNewsDaoTest" time="0.043"/>
  <testcase name="getAllNews_ReturnsAllNews_True" classname="dao.Sql2oNewsDaoTest" time="0.086"/>
  <testcase name="updateDepartmentNews_updatesUserIdContentDepartmentId_True" classname="dao.Sql2oNewsDaoTest" time="0.048"/>
  <testcase name="updateGeneralNews_updatesUserIdContent_True" classname="dao.Sql2oNewsDaoTest" time="0.043"/>
  <testcase name="addGeneralNews_AddsGeneralNewsSetsId" classname="dao.Sql2oNewsDaoTest" time="0.043"/>
  <testcase name="findGeneralNewsById_findsCorrectGeneralNews_True" classname="dao.Sql2oNewsDaoTest" time="0.063"/>
  <testcase name="clearGeneralNews_clearsGeneralNewsOnly_True" classname="dao.Sql2oNewsDaoTest" time="0.095"/>
  <testcase name="getGeneralNews_ReturnsGeneralNews_True" classname="dao.Sql2oNewsDaoTest" time="0.071"/>
  <testcase name="findDepartmentNewsById_findsCorrectDepartmentNews_True" classname="dao.Sql2oNewsDaoTest" time="0.064"/>
  <testcase name="clearAllNews_clearsAllNews_True" classname="dao.Sql2oNewsDaoTest" time="0.085"/>
  <testcase name="clearDepartmentNews_clearsDepartmentNewsOnly_True" classname="dao.Sql2oNewsDaoTest" time="0.074"/>
  <testcase name="getDepartmentNews_ReturnsDepartmentNews_True" classname="dao.Sql2oNewsDaoTest" time="0.068"/>
  <system-out><![CDATA[]]></system-out>
  <system-err><![CDATA[]]></system-err>
</testsuite>
