<?xml version="1.0" encoding="UTF-8"?>
<testsuite name="dao.Sql2oUserDaoTest" tests="5" skipped="0" failures="0" errors="0" timestamp="2020-07-27T00:35:03" hostname="lifereze-thinkpad-t450" time="0.224">
  <properties/>
  <testcase name="getAllUsers_ReturnsAllUsers_True" classname="dao.Sql2oUserDaoTest" time="0.049"/>
  <testcase name="addUser_AddsUserSetsId_True" classname="dao.Sql2oUserDaoTest" time="0.043"/>
  <testcase name="clearAllUsers_clearsAllUsers_True" classname="dao.Sql2oUserDaoTest" time="0.043"/>
  <testcase name="findUserById_ReturnsCorrectUser_True" classname="dao.Sql2oUserDaoTest" time="0.037"/>
  <testcase name="updateUser_UpdatesUserNamePositionRoleDepartmentId_True" classname="dao.Sql2oUserDaoTest" time="0.047"/>
  <system-out><![CDATA[]]></system-out>
  <system-err><![CDATA[]]></system-err>
</testsuite>
